"../../../Engine/Content/Animation/DefaultAnimCurveCompressionSettings.uasset" 0
"../../../Engine/Content/Functions/Engine_MaterialFunctions01/Opacity/CameraDepthFade.uasset" 1
"../../../Engine/Content/EngineMaterials/T_Default_Material_Grid_M.uasset" 2
"../../../Engine/Content/EngineMaterials/T_Default_Material_Grid_N.uasset" 3
"../../../Engine/Content/EngineMaterials/WorldGridMaterial.uasset" 4
"../../../Engine/Content/ArtTools/RenderToTexture/Meshes/S_1_Unit_Plane.uasset" 5
"../../../Engine/Content/BasicShapes/Cube.uasset" 6
"../../../Engine/Content/BasicShapes/Plane.uasset" 7
"../../../Engine/Content/EditorLandscapeResources/DataLayer.uasset" 8
"../../../Engine/Content/EditorMaterials/MAT_Groups_Toggle.uasset" 9
"../../../Engine/Content/EditorMaterials/MAT_Groups_Visibility.uasset" 10
"../../../Engine/Content/EditorMaterials/PreviewShadowIndicator.uasset" 11
"../../../Engine/Content/EditorMaterials/PreviewShadowIndicatorMaterial.uasset" 12
"../../../Engine/Content/EditorMaterials/MatineeGroups/MAT_ColorTrack.uasset" 13
"../../../Engine/Content/EditorMaterials/MatineeGroups/MAT_Groups_Anim.uasset" 14
"../../../Engine/Content/EditorMaterials/MatineeGroups/MAT_Groups_AudioMaster.uasset" 15
"../../../Engine/Content/EditorMaterials/MatineeGroups/MAT_Groups_Director.uasset" 16
"../../../Engine/Content/EditorMaterials/MatineeGroups/MAT_Groups_Event.uasset" 17
"../../../Engine/Content/EditorMaterials/MatineeGroups/MAT_Groups_Fade.uasset" 18
"../../../Engine/Content/EditorMaterials/MatineeGroups/MAT_Groups_Float.uasset" 19
"../../../Engine/Content/EditorMaterials/MatineeGroups/MAT_Groups_Move.uasset" 20
"../../../Engine/Content/EditorMaterials/MatineeGroups/MAT_Groups_Slomo.uasset" 21
"../../../Engine/Content/EditorMaterials/MatineeGroups/MAT_Groups_Sound.uasset" 22
"../../../Engine/Content/EditorMaterials/MatineeGroups/MAT_Groups_Vector.uasset" 23
"../../../Engine/Content/EditorMaterials/ParticleSystems/PSysThumbnail_NoImage.uasset" 24
"../../../Engine/Content/EditorMaterials/ParticleSystems/PSysThumbnail_OOD.uasset" 25
"../../../Engine/Content/EditorMaterials/Camera/CineMat.uasset" 26
"../../../Engine/Content/EditorMaterials/Camera/MI_CineMat_Rig.uasset" 27
"../../../Engine/Content/EditorMeshes/Camera/SM_CraneRig_Arm.uasset" 28
"../../../Engine/Content/EditorMeshes/Camera/SM_CraneRig_Base.uasset" 29
"../../../Engine/Content/EditorMeshes/Camera/SM_CraneRig_Body.uasset" 30
"../../../Engine/Content/EditorMeshes/Camera/SM_CraneRig_Mount.uasset" 31
"../../../Engine/Content/EditorMeshes/Camera/SM_RailRig_Mount.uasset" 32
"../../../Engine/Content/EditorMeshes/Camera/SM_RailRig_Track.uasset" 33
"../../../Engine/Content/EditorResources/BSPVertex.uasset" 34
"../../../Engine/Content/EditorResources/EmptyActor.uasset" 35
"../../../Engine/Content/EditorResources/S_Actor.uasset" 36
"../../../Engine/Content/EditorResources/S_Note.uasset" 37
"../../../Engine/Content/EditorResources/S_Solver.uasset" 38
"../../../Engine/Content/EditorResources/S_Trigger.uasset" 39
"../../../Engine/Content/EditorResources/LightIcons/S_LightError.uasset" 40
"../../../Engine/Content/EditorResources/SequenceRecorder/Countdown.uasset" 41
"../../../Engine/Content/EditorResources/SequenceRecorder/RecordingIndicator.uasset" 42
"../../../Engine/Content/EditorSounds/Notifications/CompileFailed.uasset" 43
"../../../Engine/Content/EditorSounds/Notifications/CompileFailed_Cue.uasset" 44
"../../../Engine/Content/EditorSounds/Notifications/CompileSuccess.uasset" 45
"../../../Engine/Content/EditorSounds/Notifications/CompileStart_Cue.uasset" 46
"../../../Engine/Content/EditorSounds/Notifications/CompileSuccess_Cue.uasset" 47
"../../../Engine/Content/EngineDamageTypes/DmgTypeBP_Environmental.uasset" 48
"../../../Engine/Content/EngineDebugMaterials/DebugEditorMaterial.uasset" 49
"../../../Engine/Content/EngineDebugMaterials/DebugMeshMaterial.uasset" 50
"../../../Engine/Content/EngineDebugMaterials/M_SimpleUnlitTranslucent.uasset" 51
"../../../Engine/Content/Functions/Engine_MaterialFunctions02/Utility/CameraDirectionVector.uasset" 52
"../../../Engine/Content/EngineDebugMaterials/VolumeToRender.uasset" 53
"../../../Engine/Content/EngineDebugMaterials/M_VolumeRenderSphereTracePP.uasset" 54
"../../../Engine/Content/EngineDebugMaterials/WireframeMaterial.uasset" 55
"../../../Engine/Content/EngineFonts/Faces/DroidSansFallback.uasset" 56
"../../../Engine/Content/EngineFonts/Faces/RobotoBold.uasset" 57
"../../../Engine/Content/EngineFonts/Faces/RobotoBoldItalic.uasset" 58
"../../../Engine/Content/EngineFonts/Faces/RobotoItalic.uasset" 59
"../../../Engine/Content/EngineFonts/Faces/RobotoLight.uasset" 60
"../../../Engine/Content/EngineFonts/Faces/RobotoRegular.uasset" 61
"../../../Engine/Content/EngineFonts/Roboto.uasset" 62
"../../../Engine/Content/EngineMaterials/BaseFlattenDiffuseMap.uasset" 63
"../../../Engine/Content/EngineMaterials/BaseFlattenEmissiveMap.uasset" 64
"../../../Engine/Content/EngineMaterials/BaseFlattenGrayscaleMap.uasset" 65
"../../../Engine/Content/EngineMaterials/BaseFlattenNormalMap.uasset" 66
"../../../Engine/Content/EngineMaterials/BaseFlattenMaterial.uasset" 67
"../../../Engine/Content/EngineMaterials/BlueNoise.uasset" 68
"../../../Engine/Content/EngineMaterials/DefaultBloomKernel.uasset" 69
"../../../Engine/Content/EngineMaterials/DefaultBokeh.uasset" 70
"../../../Engine/Content/EngineMaterials/DefaultDiffuse.uasset" 71
"../../../Engine/Content/EngineMaterials/DefaultDeferredDecalMaterial.uasset" 72
"../../../Engine/Content/EngineMaterials/DefaultLightFunctionMaterial.uasset" 73
"../../../Engine/Content/EngineMaterials/DefaultPhysicalMaterial.uasset" 74
"../../../Engine/Content/Functions/Engine_MaterialFunctions02/Utility/BreakOutFloat2Components.uasset" 75
"../../../Engine/Content/EngineMaterials/DefaultPostProcessMaterial.uasset" 76
"../../../Engine/Content/EngineFonts/RobotoDistanceField.uasset" 77
"../../../Engine/Content/EngineMaterials/DefaultTextMaterialOpaque.uasset" 78
"../../../Engine/Content/EngineMaterials/DefaultWhiteGrid.uasset" 79
"../../../Engine/Content/EngineMaterials/DefaultWhiteGrid_Low.uasset" 80
"../../../Engine/Content/EngineMaterials/EmissiveMeshMaterial.uasset" 81
"../../../Engine/Content/EngineMaterials/GizmoMaterial.uasset" 82
"../../../Engine/Content/EngineMaterials/Good64x64TilingNoiseHighFreq.uasset" 83
"../../../Engine/Content/EngineMaterials/MiniFont.uasset" 84
"../../../Engine/Content/EngineMaterials/InvalidLightmapSettings.uasset" 85
"../../../Engine/Content/EngineMaterials/M_InvalidLightmapSettings.uasset" 86
"../../../Engine/Content/Functions/Engine_MaterialFunctions02/WorldPositionOffset/CameraOffset.uasset" 87
"../../../Engine/Content/EngineMaterials/PhAT_JointLimitMaterial.uasset" 88
"../../../Engine/Content/EngineMaterials/PreintegratedSkinBRDF.uasset" 89
"../../../Engine/Content/EngineMaterials/RemoveSurfaceMaterial.uasset" 90
"../../../Engine/Content/EngineMaterials/WeightMapPlaceholderTexture.uasset" 91
"../../../Engine/Content/EngineResources/WhiteSquareTexture.uasset" 92
"../../../Engine/Content/EngineMaterials/Widget3DPassThrough.uasset" 93
"../../../Engine/Content/EngineMaterials/Widget3DPassThrough_Masked.uasset" 94
"../../../Engine/Content/EngineMaterials/Widget3DPassThrough_Opaque.uasset" 95
"../../../Engine/Content/EngineMaterials/Widget3DPassThrough_Masked_OneSided.uasset" 96
"../../../Engine/Content/EngineMaterials/Widget3DPassThrough_Opaque_OneSided.uasset" 97
"../../../Engine/Content/EngineMaterials/Widget3DPassThrough_Translucent.uasset" 98
"../../../Engine/Content/EngineMaterials/Widget3DPassThrough_Translucent_OneSided.uasset" 99
"../../../Engine/Content/EngineMaterials/DefaultMaterial.uasset" 100
"../../../Engine/Content/EngineMeshes/Cylinder.uasset" 101
"../../../Engine/Content/EngineMeshes/Sphere.uasset" 102
"../../../Engine/Content/EngineResources/DefaultTexture.uasset" 103
"../../../Engine/Content/EngineResources/DefaultTextureCube.uasset" 104
"../../../Engine/Content/EngineResources/DefaultVolumeTexture2D.uasset" 105
"../../../Engine/Content/EngineResources/DefaultVolumeTexture.uasset" 106
"../../../Engine/Content/EngineResources/GradientTexture0.uasset" 107
"../../../Engine/Content/EngineSounds/Master.uasset" 108
"../../../Engine/Content/Functions/Engine_MaterialFunctions01/Shading/ConvertFromDiffSpec.uasset" 109
"../../../Engine/Content/Functions/Engine_MaterialFunctions01/Shading/PowerToRoughness.uasset" 110
"../../../Engine/Content/Maps/Templates/Thumbnails/Default.uasset" 111
"../../../Engine/Content/Maps/Templates/Thumbnails/TimeOfDay.uasset" 112
"../../../Engine/Content/Maps/Templates/Thumbnails/VR-Basic.uasset" 113
"../../../Engine/Content/MobileResources/T_MobileControls_texture.uasset" 114
"../../../Engine/Content/MobileResources/T_MobileMenu2.uasset" 115
"../../../Engine/Content/MobileResources/HUD/AnalogHat.uasset" 116
"../../../Engine/Content/MobileResources/HUD/VirtualJoystick_Background.uasset" 117
"../../../Engine/Content/MobileResources/HUD/VirtualJoystick_Thumb.uasset" 118
"../../../Engine/Content/MobileResources/HUD/DefaultVirtualJoysticks.uasset" 119
"../../../Engine/Content/MobileResources/HUD/LeftVirtualJoystickOnly.uasset" 120
"../../../Engine/Content/MobileResources/HUD/MobileHUDButton1_off.uasset" 121
"../../../Engine/Content/MobileResources/HUD/MobileHUDButton1_on.uasset" 122
"../../../Engine/Content/MobileResources/HUD/MobileHUDButton2_off.uasset" 123
"../../../Engine/Content/MobileResources/HUD/MobileHUDButton2_on.uasset" 124
"../../../Engine/Content/MobileResources/HUD/MobileHUDButton3.uasset" 125
"../../../Engine/Content/MobileResources/HUD/MobileHUDButtonFire.uasset" 126
"../../../Engine/Content/MobileResources/HUD/MobileHUDDirectionPad.uasset" 127
"../../../Engine/Content/MobileResources/HUD/MobileHUDDirectionPad2.uasset" 128
"../../../Engine/Content/MobileResources/HUD/MobileHUDDirectionPad3.uasset" 129
"../../../Engine/Content/MobileResources/HUD/MobileHUDDirectionStick.uasset" 130
"../../../Engine/Content/MobileResources/HUD/T_Castle_ThumbstickInner.uasset" 131
"../../../Engine/Content/MobileResources/HUD/T_Castle_ThumbstickOutter.uasset" 132
"../../../Engine/Content/Tutorial/ContentIntroCurve.uasset" 133
"../../../Engine/Content/Tutorial/Basics/LevelEditorAttract.uasset" 134
"../../../Engine/Content/Tutorial/Installation/InstallingVisualStudioTutorial.uasset" 135
"../../../Engine/Content/VREditor/LaserPointer/VR_LaserPower_01.uasset" 136
"../../../Engine/Content/VREditor/TransformGizmo/TransformGizmoMaterial.uasset" 137
"../../../Engine/Content/VREditor/TransformGizmo/TranslucentTransformGizmoMaterial.uasset" 138
"../../../Engine/Content/VREditor/TransformGizmo/BoundingBoxCorner.uasset" 139
"../../../Engine/Content/VREditor/TransformGizmo/BoundingBoxEdge.uasset" 140
"../../../Engine/Content/VREditor/TransformGizmo/PlaneTranslationHandle.uasset" 141
"../../../Engine/Content/VREditor/TransformGizmo/Main.uasset" 142
"../../../Engine/Content/VREditor/TransformGizmo/Xray.uasset" 143
"../../../Engine/Content/VREditor/TransformGizmo/SM_Sequencer_Key.uasset" 144
"../../../Engine/Content/VREditor/TransformGizmo/SM_Sequencer_Node.uasset" 145
"../../Plugins/2D/Paper2D/Content/PlaceholderTextures/DummySpriteTexture.uasset" 146
"../../Plugins/2D/Paper2D/Content/DummySprite.uasset" 147
"../../Plugins/2D/Paper2D/Content/DefaultPaperTerrainMaterial.uasset" 148
"../../Plugins/2D/Paper2D/Content/DefaultSpriteMaterial.uasset" 149
"../../Plugins/2D/Paper2D/Content/MaskedUnlitSpriteMaterial.uasset" 150
"../../Plugins/2D/Paper2D/Content/OpaqueUnlitSpriteMaterial.uasset" 151
"../../Plugins/FX/Niagara/Content/Enums/ENiagaraBooleanLogicOps.uasset" 152
"../../Plugins/FX/Niagara/Content/Enums/ENiagaraCoordinateSpace.uasset" 153
"../../Plugins/FX/Niagara/Content/Enums/ENiagaraExpansionMode.uasset" 154
"../../Plugins/FX/Niagara/Content/Enums/ENiagaraOrientationAxis.uasset" 155
"../../Plugins/FX/Niagara/Content/Enums/ENiagaraRandomnessMode.uasset" 156
"../../../Engine/Content/Functions/Engine_MaterialFunctions02/Utility/BreakOutFloat4Components.uasset" 157
"../../../Engine/Content/Functions/Engine_MaterialFunctions02/Utility/MakeFloat2.uasset" 158
"../../../Engine/Content/Functions/Engine_MaterialFunctions02/Utility/MakeFloat3.uasset" 159
"../../Plugins/Runtime/Oculus/OculusVR/Content/Materials/OculusMR_ChromaKey.uasset" 160
"../../Plugins/Runtime/Oculus/OculusVR/Content/Materials/OculusMR_ChromaKey_Lit.uasset" 161
"../../Plugins/Runtime/Oculus/OculusVR/Content/Materials/OculusMR_OpaqueColoredMaterial.uasset" 162
"../../Plugins/Runtime/Oculus/OculusVR/Content/Materials/OculusMR_WhiteMaterial.uasset" 163
"../../../Engine/Content/EditorBlueprintResources/StandardMacros.uasset" 164
"../../../Engine/Content/EngineSky/C_Sky_Cloud_Color.uasset" 165
"../../../Engine/Content/EngineSky/C_Sky_Horizon_Color.uasset" 166
"../../../Engine/Content/EngineSky/C_Sky_Zenith_Color.uasset" 167
"../../../Engine/Content/EngineSky/T_Sky_Blue.uasset" 168
"../../../Engine/Content/EngineSky/T_Sky_Clouds_M.uasset" 169
"../../../Engine/Content/EngineSky/T_Sky_Stars.uasset" 170
"../../../Engine/Content/EngineSky/M_Sky_Panning_Clouds2.uasset" 171
"../../../Engine/Content/EngineSky/SM_SkySphere.uasset" 172
"../../../Engine/Content/EngineSky/BP_Sky_Sphere.uasset" 173
"../../../Engine/Content/BasicShapes/BasicShapeMaterial.uasset" 174
"../../../Engine/Content/BasicShapes/Sphere.uasset" 175
"../../../../../../Documents - hdd/Unreal Projects/LGame/Content/BPs/actorL.uasset" 176
"../../../../../../Documents - hdd/Unreal Projects/LGame/Content/MATs/NeutralM.uasset" 177
"../../../../../../Documents - hdd/Unreal Projects/LGame/Content/MESHes/L.uasset" 178
"../../../../../../Documents - hdd/Unreal Projects/LGame/Content/BPs/LClass.uasset" 179
"../../../../../../Documents - hdd/Unreal Projects/LGame/Content/BPs/LGameGI.uasset" 180
"../../../../../../Documents - hdd/Unreal Projects/LGame/Content/MESHes/Neutral.uasset" 181
"../../../../../../Documents - hdd/Unreal Projects/LGame/Content/BPs/NeutralBP.uasset" 182
"../../../../../../Documents - hdd/Unreal Projects/LGame/Content/MATs/blueM.uasset" 183
"../../../../../../Documents - hdd/Unreal Projects/LGame/Content/BPs/Player1_BP.uasset" 184
"../../../../../../Documents - hdd/Unreal Projects/LGame/Content/MATs/redM.uasset" 185
"../../../../../../Documents - hdd/Unreal Projects/LGame/Content/BPs/Player2_BP.uasset" 186
"../../../../../../Documents - hdd/Unreal Projects/LGame/Content/MATs/RayM.uasset" 187
"../../../../../../Documents - hdd/Unreal Projects/LGame/Content/MATs/TrackerM.uasset" 188
"../../../Engine/Content/BasicShapes/Cone.uasset" 189
"../../../Engine/Content/BasicShapes/Cylinder.uasset" 190
"../../../../../../Documents - hdd/Unreal Projects/LGame/Content/MAPs/GameMAPcontroller.uasset" 191
"../../../../../../Documents - hdd/Unreal Projects/LGame/Content/Maps/CursorPlayerController.uasset" 192
"../../../../../../Documents - hdd/Unreal Projects/LGame/Content/MAPs/GameMAPgamemode.uasset" 193
"../../../../../../Documents - hdd/Unreal Projects/LGame/Content/Sounds/click0.uasset" 194
"../../../../../../Documents - hdd/Unreal Projects/LGame/Content/Sounds/click1.uasset" 195
"../../../../../../Documents - hdd/Unreal Projects/LGame/Content/Sounds/click2.uasset" 196
"../../../../../../Documents - hdd/Unreal Projects/LGame/Content/Sounds/click3.uasset" 197
"../../../../../../Documents - hdd/Unreal Projects/LGame/Content/Sounds/click4.uasset" 198
"../../../../../../Documents - hdd/Unreal Projects/LGame/Content/Textures/ButtonActive.uasset" 199
"../../../../../../Documents - hdd/Unreal Projects/LGame/Content/Textures/ButtonClicked.uasset" 200
"../../../../../../Documents - hdd/Unreal Projects/LGame/Content/Textures/ButtonInactive.uasset" 201
"../../../../../../Documents - hdd/Unreal Projects/LGame/Content/UIs/gameUI.uasset" 202
"../../../../../../Documents - hdd/Unreal Projects/LGame/Content/MAPs/gamemap_BuiltData.uasset" 203
"../../../../../../Documents - hdd/Unreal Projects/LGame/Content/MATs/floorM.uasset" 204
"../../../Engine/Content/EngineResources/Black.uasset" 205
"../../../../../../Documents - hdd/Unreal Projects/LGame/Content/InfinityBladeEffects/Effects/Masters/M_Add_Sprite_Master.uasset" 206
"../../../../../../Documents - hdd/Unreal Projects/LGame/Content/InfinityBladeEffects/Effects/FX_Textures/Gradient/T_Flare_Streaks_02.uasset" 207
"../../../../../../Documents - hdd/Unreal Projects/LGame/Content/InfinityBladeEffects/Effects/FX_Materials/Gradient/M_Flare_Streak_01_INST.uasset" 208
"../../../../../../Documents - hdd/Unreal Projects/LGame/Content/InfinityBladeEffects/Effects/Masters/M_Add_Sprite_SubUV_Master.uasset" 209
"../../../../../../Documents - hdd/Unreal Projects/LGame/Content/InfinityBladeEffects/Effects/FX_Textures/Gradient/T_impactFlares_meleeBase.uasset" 210
"../../../../../../Documents - hdd/Unreal Projects/LGame/Content/InfinityBladeEffects/Effects/FX_Materials/Gradient/M_Flash_Impact_01_1X2_INST.uasset" 211
"../../../../../../Documents - hdd/Unreal Projects/LGame/Content/InfinityBladeEffects/Effects/FX_Textures/Spark/T_Sparks_03_SubUV_1_4.uasset" 212
"../../../../../../Documents - hdd/Unreal Projects/LGame/Content/InfinityBladeEffects/Effects/FX_Materials/Spark/M_Spark_03_1_4_INST.uasset" 213
"../../../../../../Documents - hdd/Unreal Projects/LGame/Content/InfinityBladeEffects/Effects/FX_Combat_Base/Impact/P_Impact_Enemy_Strong.uasset" 214
"../../../../../../Documents - hdd/Unreal Projects/LGame/Content/InfinityBladeEffects/Effects/Masters/M_Add_Sprite_Master_DepthFade.uasset" 215
"../../../../../../Documents - hdd/Unreal Projects/LGame/Content/InfinityBladeEffects/Effects/FX_Textures/Gradient/T_starFlare_01.uasset" 216
"../../../../../../Documents - hdd/Unreal Projects/LGame/Content/InfinityBladeEffects/Effects/FX_Materials/Gradient/M_Flare_01_INST.uasset" 217
"../../../../../../Documents - hdd/Unreal Projects/LGame/Content/InfinityBladeEffects/Effects/FX_Textures/Spark/T_Sparks_04_SubUV_1_4.uasset" 218
"../../../../../../Documents - hdd/Unreal Projects/LGame/Content/InfinityBladeEffects/Effects/FX_Materials/Spark/M_Spark_04_SubUV_1_4_INST.uasset" 219
"../../../../../../Documents - hdd/Unreal Projects/LGame/Content/InfinityBladeEffects/Effects/FX_Combat_Base/Impact/P_Impact_Player_Strong.uasset" 220
"../../../../../../Documents - hdd/Unreal Projects/LGame/Content/MATs/BoardM.uasset" 221
"../../../../../../Documents - hdd/Unreal Projects/LGame/Content/MESHes/Board.uasset" 222
"../../../../../../Documents - hdd/Unreal Projects/LGame/Content/Sounds/drop0.uasset" 223
"../../../../../../Documents - hdd/Unreal Projects/LGame/Content/Sounds/drop1.uasset" 224
"../../../../../../Documents - hdd/Unreal Projects/LGame/Content/Sounds/drop2.uasset" 225
"../../../../../../Documents - hdd/Unreal Projects/LGame/Content/Sounds/drop3.uasset" 226
"../../../../../../Documents - hdd/Unreal Projects/LGame/Content/Sounds/drop4.uasset" 227
"../../../../../../Documents - hdd/Unreal Projects/LGame/Content/Sounds/error.uasset" 228
"../../../../../../Documents - hdd/Unreal Projects/LGame/Content/MAPs/gamemap.umap" 229
"../../../../../../Documents - hdd/Unreal Projects/LGame/Content/MAPs/MenuMAPcamera.uasset" 230
"../../../../../../Documents - hdd/Unreal Projects/LGame/Content/MAPs/MenuMAPgamemode.uasset" 231
"../../../../../../Documents - hdd/Unreal Projects/LGame/Content/MAPs/MenuMAP_BuiltData.uasset" 232
"../../../../../../Documents - hdd/Unreal Projects/LGame/Content/Textures/L-GameLogo.uasset" 233
"../../../../../../Documents - hdd/Unreal Projects/LGame/Content/UIs/mainMenuUI.uasset" 234
"../../../../../../Documents - hdd/Unreal Projects/LGame/Content/MAPs/MenuMAP.umap" 235
"../../../Engine/Content/Maps/Entry_BuiltData.uasset" 236
"../../../Engine/Content/Maps/Entry.umap" 237
